<?xml version="1.0" encoding="UTF-8"?>
<!-- Generated by org.testng.reporters.JUnitXMLReporter -->
<testsuite hostname="santhoshp-lt" name="Sanity" tests="8" failures="1" timestamp="5 Nov 2013 10:23:43 GMT" time="237.237" errors="0">
  <testcase name="TestMethod1" time="16.711" classname="orangehrma.HrmMain"/>
  <testcase name="TestMethod2" time="30.083" classname="orangehrma.HrmMain"/>
  <testcase name="TestMethod3" time="27.448" classname="orangehrma.HrmMain"/>
  <testcase name="TestMethod4" time="24.756" classname="orangehrma.HrmMain"/>
  <testcase name="TestMethod5" time="31.143" classname="orangehrma.HrmMain"/>
  <testcase name="TestMethod6" time="29.46" classname="orangehrma.HrmMain"/>
  <testcase name="TestMethod7" time="28.114" classname="orangehrma.HrmMain"/>
  <testcase name="TestMethod8" time="26.559" classname="orangehrma.HrmMain">
    <failure type="java.lang.AssertionError" message="Element could not be found, Employee name entry should exist inorder to delete it expected [true] but found [false]">
      <![CDATA[java.lang.AssertionError: Element could not be found, Employee name entry should exist inorder to delete it expected [true] but found [false]
	at orangehrma.HrmMain.TestMethod8(HrmMain.java:335)
... Removed 27 stack frames]]>
    </failure>
  </testcase> <!-- TestMethod8 -->
</testsuite> <!-- Sanity -->
