<?xml version="1.0" encoding="UTF-8"?>
<!-- Generated by org.testng.reporters.JUnitXMLReporter -->
<testsuite hostname="santhoshp-lt" name="Test Case 1: Login as admin"
	tests="8" failures="0" timestamp="22 Oct 2013 11:07:48 GMT" time="208.53"
	errors="0">
	<testcase name="TestMethod1" time="13.284" classname="orangehrma.HrmMain" />
	<testcase name="TestMethod2" time="27.63" classname="orangehrma.HrmMain" />
	<testcase name="TestMethod3" time="23.864" classname="orangehrma.HrmMain" />
	<testcase name="TestMethod4" time="24.061" classname="orangehrma.HrmMain" />
	<testcase name="TestMethod5" time="31.417" classname="orangehrma.HrmMain" />
	<testcase name="TestMethod6" time="27.851" classname="orangehrma.HrmMain" />
	<testcase name="TestMethod7" time="25.007" classname="orangehrma.HrmMain" />
	<testcase name="TestMethod8" time="25.48" classname="orangehrma.HrmMain" />
</testsuite> <!-- Test Case 1: Login as admin -->
